"../../../Engine/Content/EditorResources/S_Actor.uasset" 0
"../../../Engine/Content/EditorResources/S_Emitter.uasset" 1
"../../../Engine/Content/EngineResources/AICON-Red.uasset" 2
"../../../Engine/Content/EngineResources/AICON-Green.uasset" 3
"../../../Engine/Content/EngineFonts/Roboto.uasset" 4
"../../../Engine/Content/Functions/Engine_MaterialFunctions01/Shading/PowerToRoughness.uasset" 5
"../../../Engine/Content/EngineMaterials/DefaultDiffuse.uasset" 6
"../../../Engine/Content/EngineMaterials/DefaultDeferredDecalMaterial.uasset" 7
"../../../Engine/Content/EngineMaterials/DefaultLightFunctionMaterial.uasset" 8
"../../../Engine/Content/Functions/Engine_MaterialFunctions02/Utility/BreakOutFloat2Components.uasset" 9
"../../../Engine/Content/EngineMaterials/DefaultPostProcessMaterial.uasset" 10
"../../../Engine/Content/EngineResources/DefaultTexture.uasset" 11
"../../../Engine/Content/Functions/Engine_MaterialFunctions01/Texturing/ScaleUVsByCenter.uasset" 12
"../../../Engine/Content/Functions/Engine_MaterialFunctions02/ScreenResolution.uasset" 13
"../../../Engine/Content/Functions/Engine_MaterialFunctions02/Texturing/ScreenAlignedUVs.uasset" 14
"../../../Engine/Content/EngineResources/WhiteSquareTexture.uasset" 15
"../../../Engine/Content/EngineMaterials/Widget3DPassThrough.uasset" 16
"../../../Engine/Content/EngineMaterials/Widget3DPassThrough_Translucent.uasset" 17
"../../../Engine/Content/EngineMaterials/Widget3DPassThrough_Translucent_OneSided.uasset" 18
"../../../Engine/Content/EngineMaterials/Widget3DPassThrough_Opaque.uasset" 19
"../../../Engine/Content/EngineMaterials/Widget3DPassThrough_Opaque_OneSided.uasset" 20
"../../../Engine/Content/EngineMaterials/Widget3DPassThrough_Masked.uasset" 21
"../../../Engine/Content/EngineMaterials/Widget3DPassThrough_Masked_OneSided.uasset" 22
"../../../Engine/Content/EditorResources/S_LevelSequence.uasset" 23
"../../../Engine/Content/EditorResources/Bad.uasset" 24
"../../../Engine/Content/EditorMeshes/EditorCube.uasset" 25
"../../../Engine/Content/EditorMeshes/EditorSphere.uasset" 26
"../../../Engine/Content/EditorMeshes/EditorPlane.uasset" 27
"../../../Engine/Content/EditorMeshes/EditorCylinder.uasset" 28
"../../../Engine/Content/Maps/Templates/Thumbnails/Default.uasset" 29
"../../../Engine/Content/Maps/Templates/Thumbnails/VR-Basic.uasset" 30
"../../../Engine/Content/EditorMaterials/Thumbnails/SkySphereMaterial.uasset" 31
"../../../Engine/Content/EditorMeshes/EditorSkySphere.uasset" 32
"../../../Engine/Content/EngineMaterials/Grid.uasset" 33
"../../../Engine/Content/EditorMaterials/Thumbnails/FloorPlaneMaterial.uasset" 34
"../../../Engine/Content/EditorMaterials/ParticleSystems/PSysThumbnail_NoImage.uasset" 35
"../../../Engine/Content/EditorMaterials/ParticleSystems/PSysThumbnail_OOD.uasset" 36
"../../../Engine/Content/EditorResources/S_DecalActorIcon.uasset" 37
"../../../Engine/Content/EditorLandscapeResources/LandscapeGizmo_Mat.uasset" 38
"../../../Engine/Content/EditorLandscapeResources/LandscapeGizmo_Mat_Copied.uasset" 39
"../../../Engine/Content/EditorLandscapeResources/LandscapeGizmoHeight_Mat.uasset" 40
"../../../Engine/Content/EditorLandscapeResources/DataLayer.uasset" 41
"../../../Engine/Content/EditorResources/S_Terrain.uasset" 42
"../../../Engine/Content/EditorLandscapeResources/SplineEditorMeshMat.uasset" 43
"../../../Engine/Content/EditorLandscapeResources/SplineEditorMesh.uasset" 44
"../../../Engine/Content/EditorResources/MatineeCam_D.uasset" 45
"../../../Engine/Content/EditorMaterials/MatineeCam_mat.uasset" 46
"../../../Engine/Content/EditorMeshes/MatineeCam_SM.uasset" 47
"../../../Engine/Content/Functions/Engine_MaterialFunctions02/Utility/Sign.uasset" 48
"../../../Engine/Content/Functions/Engine_MaterialFunctions02/Utility/Round.uasset" 49
"../../../Engine/Content/Functions/Engine_MaterialFunctions02/ExampleContent/Textures/flipbook.uasset" 50
"../../../Engine/Content/Functions/Engine_MaterialFunctions02/Texturing/FlipBook.uasset" 51
"../../../Engine/Content/EditorResources/T_EditorHelp.uasset" 52
"../../../Engine/Content/EditorMaterials/HelpActorMaterial.uasset" 53
"../../../Engine/Content/EditorResources/S_ExpoHeightFog.uasset" 54
"../../../Engine/Content/EditorResources/S_NavP.uasset" 55
"../../../Engine/Content/EditorResources/S_Player.uasset" 56
"../../../Engine/Content/EditorResources/LightIcons/SkyLight.uasset" 57
"../../../Engine/Content/EditorResources/S_WindDirectional.uasset" 58
"../../../Engine/Content/EngineDamageTypes/DmgTypeBP_Environmental.uasset" 59
"../../../Engine/Content/EditorResources/LightIcons/S_LightDirectional.uasset" 60
"../../../Engine/Content/EditorResources/LightIcons/S_LightDirectionalMove.uasset" 61
"../../../Engine/Content/EditorResources/LightIcons/S_LightPoint.uasset" 62
"../../../Engine/Content/EditorResources/LightIcons/S_LightPointMove.uasset" 63
"../../../Engine/Content/EditorResources/LightIcons/S_LightSpot.uasset" 64
"../../../Engine/Content/EditorResources/LightIcons/S_LightSpotMove.uasset" 65
"../../../Engine/Content/EditorResources/S_PortalActorIcon2.uasset" 66
"../../../Engine/Content/EditorResources/MatInstActSprite.uasset" 67
"../../../Engine/Content/EditorResources/SceneManager.uasset" 68
"../../../Engine/Content/EditorResources/AI/S_NavLink.uasset" 69
"../../../Engine/Content/EditorResources/S_Note.uasset" 70
"../../../Engine/Content/EngineMeshes/Sphere.uasset" 71
"../../../Engine/Content/EditorResources/S_ReflActorIcon.uasset" 72
"../../../Engine/Content/EditorResources/S_Thruster.uasset" 73
"../../../Engine/Content/EditorResources/S_RadForce.uasset" 74
"../../../Engine/Content/EditorMaterials/TargetIcon.uasset" 75
"../../../Engine/Content/EngineFonts/RobotoDistanceField.uasset" 76
"../../../Engine/Content/EngineMaterials/DefaultTextMaterialOpaque.uasset" 77
"../../../Engine/Content/EditorResources/S_TextRenderActorIcon.uasset" 78
"../../../Engine/Content/EditorResources/S_Trigger.uasset" 79
"../../../Engine/Content/EditorResources/S_VectorFieldVol.uasset" 80
"../../../Engine/Content/EngineResources/GradientTexture0.uasset" 81
"../../../Engine/Content/EditorMaterials/MatineeGroups/MAT_Groups_Float.uasset" 82
"../../../Engine/Content/EditorMaterials/MatineeGroups/MAT_Groups_Director.uasset" 83
"../../../Engine/Content/EditorMaterials/MatineeGroups/MAT_Groups_Event.uasset" 84
"../../../Engine/Content/EditorMaterials/MatineeGroups/MAT_Groups_Anim.uasset" 85
"../../../Engine/Content/EditorMaterials/MatineeGroups/MAT_Groups_Fade.uasset" 86
"../../../Engine/Content/EditorMaterials/MatineeGroups/MAT_Groups_Move.uasset" 87
"../../../Engine/Content/EditorMaterials/MatineeGroups/MAT_Groups_Slomo.uasset" 88
"../../../Engine/Content/EditorMaterials/MatineeGroups/MAT_ColorTrack.uasset" 89
"../../../Engine/Content/EditorMaterials/MAT_Groups_Toggle.uasset" 90
"../../../Engine/Content/EditorMaterials/MatineeGroups/MAT_Groups_AudioMaster.uasset" 91
"../../../Engine/Content/EditorMaterials/MatineeGroups/MAT_Groups_Sound.uasset" 92
"../../../Engine/Content/EditorMaterials/MatineeGroups/MAT_Groups_Vector.uasset" 93
"../../../Engine/Content/EditorMaterials/MAT_Groups_Visibility.uasset" 94
"../../../Engine/Content/EngineResources/DefaultTextureCube.uasset" 95
"../../../Engine/Content/Functions/Engine_MaterialFunctions01/Opacity/CameraDepthFade.uasset" 96
"../../../Engine/Content/EngineMaterials/T_Default_Material_Grid_M.uasset" 97
"../../../Engine/Content/EngineMaterials/T_Default_Material_Grid_N.uasset" 98
"../../../Engine/Content/EngineMaterials/DefaultMaterial.uasset" 99
"../../../Engine/Content/EngineMeshes/Cylinder.uasset" 100
"../../../Engine/Content/EngineTireTypes/DefaultTireType.uasset" 101
"../../../Engine/Content/EditorMaterials/Camera/CineMat.uasset" 102
"../../../Engine/Content/EditorMaterials/Camera/MI_CineMat_Rig.uasset" 103
"../../../Engine/Content/EditorMeshes/Camera/SM_CraneRig_Base.uasset" 104
"../../../Engine/Content/EditorMeshes/Camera/SM_CraneRig_Arm.uasset" 105
"../../../Engine/Content/EditorMeshes/Camera/SM_CraneRig_Mount.uasset" 106
"../../../Engine/Content/EditorMeshes/Camera/SM_CraneRig_Body.uasset" 107
"../../../Engine/Content/EditorMeshes/Camera/SM_RailRig_Track.uasset" 108
"../../../Engine/Content/EditorMeshes/Camera/SM_RailRig_Mount.uasset" 109
"../../../Engine/Content/EditorMaterials/Camera/MI_CineMat_CameraBody.uasset" 110
"../../../Engine/Content/EngineDebugMaterials/M_SimpleOpaque.uasset" 111
"../../../Engine/Content/EditorMaterials/Camera/MI_CineMat_CamViewFinder.uasset" 112
"../../../Engine/Content/EditorMeshes/Camera/SM_CineCam.uasset" 113
"../../../Engine/Content/EngineMaterials/WorldGridMaterial.uasset" 114
"../../../Engine/Content/ArtTools/RenderToTexture/Meshes/S_1_Unit_Plane.uasset" 115
"../../../Engine/Content/EngineDebugMaterials/M_SimpleTranslucent.uasset" 116
"../../../Engine/Content/EditorResources/S_FTest.uasset" 117
"../../../Engine/Content/VREditor/LaserPointer/VR_LaserPower_01.uasset" 118
"../../../Engine/Content/VREditor/TransformGizmo/TransformGizmoMaterial.uasset" 119
"../../../Engine/Content/VREditor/TransformGizmo/TranslucentTransformGizmoMaterial.uasset" 120
"../../../Engine/Content/VREditor/TransformGizmo/TranslationHandle.uasset" 121
"../../../Engine/Content/VREditor/TransformGizmo/PlaneTranslationHandle.uasset" 122
"../../../Engine/Content/VREditor/TransformGizmo/RotationHandle.uasset" 123
"../../../Engine/Content/VREditor/TransformGizmo/StretchingHandle.uasset" 124
"../../../Engine/Content/VREditor/TransformGizmo/BoundingBoxCorner.uasset" 125
"../../../Engine/Content/VREditor/TransformGizmo/BoundingBoxEdge.uasset" 126
"../../../Engine/Content/VREditor/TransformGizmo/UniformScaleHandle.uasset" 127
"../../../Engine/Content/VREditor/FloatingText/LineMaterial.uasset" 128
"../../../Engine/Content/VREditor/FloatingText/LineSegmentCylinder.uasset" 129
"../../../Engine/Content/VREditor/FloatingText/JointSphere.uasset" 130
"../../../Engine/Content/VREditor/Fonts/VRText_RobotoLarge.uasset" 131
"../../../Engine/Content/VREditor/Fonts/VRTextMaterial.uasset" 132
"../../../Engine/Content/VREditor/Fonts/TranslucentVRTextMaterial.uasset" 133
"../../../Engine/Content/VREditor/UI/SelectionBarMesh.uasset" 134
"../../../Engine/Content/VREditor/UI/CloseButtonMesh.uasset" 135
"../../../Engine/Plugins/2D/Paper2D/Content/PlaceholderTextures/DummySpriteTexture.uasset" 136
"../../../Engine/Plugins/2D/Paper2D/Content/DefaultSpriteMaterial.uasset" 137
"../../../Engine/Plugins/2D/Paper2D/Content/MaskedUnlitSpriteMaterial.uasset" 138
"../../../Engine/Plugins/2D/Paper2D/Content/OpaqueUnlitSpriteMaterial.uasset" 139
"../../../Engine/Plugins/2D/Paper2D/Content/DummySprite.uasset" 140
"../../../Engine/Plugins/2D/Paper2D/Content/DefaultPaperTerrainMaterial.uasset" 141
"../../../Engine/Content/EditorSounds/Notifications/CompileSuccess.uasset" 142
"../../../Engine/Content/EditorSounds/Notifications/CompileStart_Cue.uasset" 143
"../../../Engine/Content/EditorSounds/Notifications/CompileSuccess_Cue.uasset" 144
"../../../Engine/Content/EditorSounds/Notifications/CompileFailed.uasset" 145
"../../../Engine/Content/EditorSounds/Notifications/CompileFailed_Cue.uasset" 146
"../../../Engine/Content/BufferVisualization/BaseColor.uasset" 147
"../../../Engine/Content/BufferVisualization/CustomDepth.uasset" 148
"../../../Engine/Content/Functions/Engine_MaterialFunctions02/Utility/MakeFloat2.uasset" 149
"../../../Engine/Content/Functions/Engine_MaterialFunctions02/Utility/MakeFloat3.uasset" 150
"../../../Engine/Content/EngineMaterials/MiniFont.uasset" 151
"../../../Engine/Content/BufferVisualization/CustomStencil.uasset" 152
"../../../Engine/Content/BufferVisualization/FinalImage.uasset" 153
"../../../Engine/Content/BufferVisualization/LightingModel.uasset" 154
"../../../Engine/Content/BufferVisualization/MaterialAO.uasset" 155
"../../../Engine/Content/BufferVisualization/Metallic.uasset" 156
"../../../Engine/Content/BufferVisualization/Opacity.uasset" 157
"../../../Engine/Content/BufferVisualization/Roughness.uasset" 158
"../../../Engine/Content/BufferVisualization/SceneColor.uasset" 159
"../../../Engine/Content/BufferVisualization/SceneDepth.uasset" 160
"../../../Engine/Content/BufferVisualization/SeparateTranslucencyRGB.uasset" 161
"../../../Engine/Content/BufferVisualization/SeparateTranslucencyA.uasset" 162
"../../../Engine/Content/BufferVisualization/Specular.uasset" 163
"../../../Engine/Content/BufferVisualization/SubsurfaceColor.uasset" 164
"../../../Engine/Content/BufferVisualization/WorldNormal.uasset" 165
"../../../Engine/Content/EngineMaterials/DefaultPhysicalMaterial.uasset" 166
"../../../Engine/Content/BufferVisualization/AmbientOcclusion.uasset" 167
"../../../Engine/Content/Functions/Engine_MaterialFunctions02/Utility/VectorLength.uasset" 168
"../../../Engine/Content/BufferVisualization/CustomDepthWorldUnits.uasset" 169
"../../../Engine/Content/BufferVisualization/SceneDepthWorldUnits.uasset" 170
"../../../Engine/Content/BufferVisualization/HDRColor.uasset" 171
"../../../Engine/Content/Tutorial/Basics/TutorialAssets/icon_tab_Levels_40x.uasset" 172
"../../../Engine/Content/Tutorial/Landscape/TutorialAssets/Landscape.uasset" 173
"../../../Engine/Content/Functions/Engine_MaterialFunctions02/Fresnel_Function.uasset" 174
"../../../Engine/Content/EngineMaterials/HighResolutionScreenshotMaskFunction.uasset" 175
"../../../Engine/Content/EngineMaterials/HighResScreenshot.uasset" 176
"../../../Engine/Content/EngineMaterials/HighResScreenshotMask.uasset" 177
"../../../Engine/Content/EngineMaterials/HighResScreenshotCaptureRegion.uasset" 178
"../../../Engine/Content/EngineDebugMaterials/WireframeMaterial.uasset" 179
"../../../Engine/Content/Functions/Engine_MaterialFunctions01/Shading/ConvertFromDiffSpec.uasset" 180
"../../../Engine/Content/EngineDebugMaterials/LevelColorationLitMaterial.uasset" 181
"../../../Engine/Content/EngineDebugMaterials/LevelColorationUnlitMaterial.uasset" 182
"../../../Engine/Content/EngineMaterials/DefaultWhiteGrid.uasset" 183
"../../../Engine/Content/EngineDebugMaterials/MAT_LevelColorationLitLightmapUV.uasset" 184
"../../../Engine/Content/EngineDebugMaterials/ShadedLevelColorationLitMaterial.uasset" 185
"../../../Engine/Content/EngineDebugMaterials/ShadedLevelColorationUnlitMateri.uasset" 186
"../../../Engine/Content/EngineDebugMaterials/VertexColorMaterial.uasset" 187
"../../../Engine/Content/EngineDebugMaterials/VertexColorViewMode_ColorOnly.uasset" 188
"../../../Engine/Content/EngineDebugMaterials/VertexColorViewMode_AlphaAsColor.uasset" 189
"../../../Engine/Content/EngineDebugMaterials/VertexColorViewMode_RedOnly.uasset" 190
"../../../Engine/Content/EngineDebugMaterials/VertexColorViewMode_GreenOnly.uasset" 191
"../../../Engine/Content/EngineDebugMaterials/VertexColorViewMode_BlueOnly.uasset" 192
"../../../Engine/Content/EngineMaterials/RemoveSurfaceMaterial.uasset" 193
"../../../Engine/Content/EngineDebugMaterials/DebugMeshMaterial.uasset" 194
"../../../Engine/Content/EngineMaterials/InvalidLightmapSettings.uasset" 195
"../../../Engine/Content/EngineMaterials/M_InvalidLightmapSettings.uasset" 196
"../../../Engine/Content/EditorMaterials/GizmoMaterial.uasset" 197
"../../../Engine/Content/EngineDebugMaterials/GeomMaterial.uasset" 198
"../../../Engine/Content/EngineMaterials/EditorBrushMaterial.uasset" 199
"../../../Engine/Content/EngineDebugMaterials/HeatmapGradient.uasset" 200
"../../../Engine/Content/EngineDebugMaterials/BoneWeightMaterial.uasset" 201
"../../../Engine/Content/EditorMaterials/PreviewShadowIndicator.uasset" 202
"../../../Engine/Content/EditorMaterials/PreviewShadowIndicatorMaterial.uasset" 203
"../../../Engine/Content/EditorMaterials/PhAT_JointLimitMaterial.uasset" 204
"../../../Engine/Content/EditorResources/BSPVertex.uasset" 205
"../../../Engine/Content/EngineMaterials/Good64x64TilingNoiseHighFreq.uasset" 206
"../../../Engine/Content/EngineMaterials/DefaultBokeh.uasset" 207
"../../../Engine/Content/EngineMaterials/PreintegratedSkinBRDF.uasset" 208
"../../../Engine/Content/EngineMaterials/WeightMapPlaceholderTexture.uasset" 209
"../../../Engine/Content/EngineFonts/RobotoTiny.uasset" 210
"../../../Engine/Content/Tutorial/ContentIntroCurve.uasset" 211
"../../../Engine/Content/EditorMaterials/Cross.uasset" 212
"../../../Engine/Content/EditorMaterials/Cross_Mat.uasset" 213
"../../../Engine/Content/EditorMaterials/PhAT_BoneSelectedMaterial.uasset" 214
"../../../Engine/Content/EditorMaterials/PhAT_ElemSelectedMaterial.uasset" 215
"../../../Engine/Content/EditorMaterials/PhAT_NoCollisionMaterial.uasset" 216
"../../../Engine/Content/EditorMaterials/PhAT_UnselectedMaterial.uasset" 217
"../../../Engine/Content/EditorMaterials/Tick.uasset" 218
"../../../Engine/Content/EditorMaterials/Tick_Mat.uasset" 219
"../../../Engine/Content/EditorMaterials/WidgetGridVertexColorMaterial.uasset" 220
"../../../Engine/Content/EditorMaterials/WidgetGridVertexColorMaterial_Ma.uasset" 221
"../../../Engine/Content/EditorMaterials/WidgetMaterial.uasset" 222
"../../../Engine/Content/EditorMaterials/WidgetMaterial_Current.uasset" 223
"../../../Engine/Content/EditorMaterials/WidgetMaterial_X.uasset" 224
"../../../Engine/Content/EditorMaterials/WidgetMaterial_Y.uasset" 225
"../../../Engine/Content/EditorMaterials/WidgetMaterial_Z.uasset" 226
"../../../Engine/Content/EditorMaterials/WidgetVertexColorMaterial.uasset" 227
"../../../Engine/Content/EditorMaterials/CompositeARGBLayer.uasset" 228
"../../../Engine/Content/EditorMaterials/TilingAALineIntegral.uasset" 229
"../../../Engine/Content/EditorMaterials/TilingAALineBoxFiltered.uasset" 230
"../../../Engine/Content/Functions/Engine_MaterialFunctions03/Procedurals/ComputeFilterWidth.uasset" 231
"../../../Engine/Content/EditorMaterials/TilingAADots.uasset" 232
"../../../Engine/Content/EditorMaterials/Cascade/CASC_Cross.uasset" 233
"../../../Engine/Content/EditorMaterials/Cascade/CASC_None.uasset" 234
"../../../Engine/Content/Functions/Engine_MaterialFunctions03/Blends/Blend_Screen.uasset" 235
"../../../Engine/Content/EditorMaterials/TilingAAGrid.uasset" 236
"../../../Engine/Content/EditorMaterials/LevelGridMaterial.uasset" 237
"../../../Engine/Content/EditorResources/SmallFont.uasset" 238
"../../../Engine/Content/EditorResources/S_KBSJoint.uasset" 239
"../../../Engine/Content/EditorResources/S_KHinge.uasset" 240
"../../../Engine/Content/EditorResources/S_KPrismatic.uasset" 241
"../../../Engine/Content/EditorResources/LightIcons/S_LightError.uasset" 242
"../../../Engine/Content/EditorResources/Spline/T_Loft_Spline.uasset" 243
"../../../Engine/Content/EngineMaterials/BlinkingCaret.uasset" 244
"../../../Engine/Content/EngineMaterials/DefaultNormal.uasset" 245
"../../../Engine/Content/EngineMaterials/Grid_N.uasset" 246
"../../../Engine/Content/EngineMaterials/LandscapeHolePhysicalMaterial.uasset" 247
"../../../Engine/Content/EngineMaterials/PaperDiffuse.uasset" 248
"../../../Engine/Content/EngineMaterials/PaperNormal.uasset" 249
"../../../Engine/Content/EngineMaterials/PhysMat_Rubber.uasset" 250
"../../../Engine/Content/EngineFonts/SmallFont.uasset" 251
"../../../Engine/Content/EngineFonts/TinyFont.uasset" 252
"../../../Engine/Content/EngineResources/StreamingPauseIcon.uasset" 253
"../../../Engine/Content/EngineResources/M_StreamingPause.uasset" 254
"../../../Engine/Content/BasicShapes/Cube.uasset" 255
"../../../Engine/Content/BasicShapes/Sphere.uasset" 256
"../../../Engine/Content/BasicShapes/Cylinder.uasset" 257
"../../../Engine/Content/BasicShapes/Cone.uasset" 258
"../../../Engine/Content/EditorResources/SequenceRecorder/Countdown.uasset" 259
"../../../Engine/Content/EditorResources/SequenceRecorder/RecordingIndicator.uasset" 260
"../../../Engine/Content/EditorLandscapeResources/DefaultAlphaTexture.uasset" 261
"../../../Engine/Content/EditorSounds/GamePreview/StartPlayInEditor.uasset" 262
"../../../Engine/Content/EditorSounds/GamePreview/StartPlayInEditor_Cue.uasset" 263
"../../../Engine/Content/EditorResources/EmptyActor.uasset" 264
"../../../Engine/Content/EditorMaterials/MakeCompositeARGBLayer.uasset" 265
"../../../Engine/Content/EditorResources/LevelGrid1DStripes.uasset" 266
"../../../Engine/Content/EditorMaterials/TextureGridCascaded1D.uasset" 267
"../../../Engine/Content/EditorMaterials/TextureGridCascaded2D.uasset" 268
"../../../Engine/Content/EditorMaterials/LevelGridMaterial2.uasset" 269
"../../../Engine/Content/EditorResources/SimplygonLogo.uasset" 270
"../../../Engine/Content/MobileResources/HUD/MobileHUDButton3.uasset" 271
"../../../Engine/Content/MobileResources/HUD/MobileHUDButton1_off.uasset" 272
"../../../Engine/Content/MobileResources/HUD/MobileHUDDirectionPad3.uasset" 273
"../../../Engine/Content/MobileResources/T_MobileMenu2.uasset" 274
"../../../Engine/Content/MobileResources/HUD/MobileHUDButton2_off.uasset" 275
"../../../Engine/Content/MobileResources/HUD/MobileHUDDirectionPad.uasset" 276
"../../../Engine/Content/MobileResources/HUD/T_Castle_ThumbstickInner.uasset" 277
"../../../Engine/Content/MobileResources/T_MobileControls_texture.uasset" 278
"../../../Engine/Content/MobileResources/HUD/AnalogHat.uasset" 279
"../../../Engine/Content/MobileResources/HUD/VirtualJoystick_Background.uasset" 280
"../../../Engine/Content/MobileResources/HUD/VirtualJoystick_Thumb.uasset" 281
"../../../Engine/Content/MobileResources/HUD/DefaultVirtualJoysticks.uasset" 282
"../../../Engine/Content/MobileResources/HUD/LeftVirtualJoystickOnly.uasset" 283
"../../../Engine/Content/MobileResources/HUD/MobileHUDButton1_on.uasset" 284
"../../../Engine/Content/MobileResources/HUD/MobileHUDButton2_on.uasset" 285
"../../../RPG/Content/IBEffects/Effects/FX_Textures/Gradient/T_darkToLight.uasset" 286
"../../../RPG/Content/Blueprints/Characters/Enemies/Boss/AI/BossBB.uasset" 287
"../../../Engine/Content/MapTemplates/Sky/DaylightAmbientCubemap.uasset" 288
"../../../RPG/Content/StarterContent/Blueprints/Assets/M_LightStage_Skybox_Master.uasset" 289
"../../../RPG/Content/StarterContent/Blueprints/Assets/M_LightStage_Skybox_Black.uasset" 290
"../../../RPG/Content/Grasslands/Effects/FX_Textures/Tile/T_Black_32.uasset" 291
"../../../RPG/Content/Effects/Materials/M_Glow.uasset" 292
"../../../RPG/Content/Effects/VectorFields/VF_Tunnel_Movement_2_100.uasset" 293
"../../../RPG/Content/Effects/Particle_Systems/P_Death_Dissolve.uasset" 294
"../../../RPG/Content/Effects/Particle_Systems/P_Death_Impact.uasset" 295
"../../../RPG/Content/Effects/Textures/T_Smoke_Tiled_D.uasset" 296
"../../../RPG/Content/Effects/Textures/T_SmokeSubUV_8X8.uasset" 297
"../../../RPG/Content/Effects/Materials/M_smoke_subUV.uasset" 298
"../../../RPG/Content/Effects/Particle_Systems/P_Dust_Landing.uasset" 299
"../../../RPG/Content/Meshes/Character/S_Player_Character_Skeleton.uasset" 300
"../../../RPG/Content/Animations/Player/Player_Death.uasset" 301
"../../../RPG/Content/Animations/Player/Player_Falling.uasset" 302
"../../../RPG/Content/Animations/Player/Player_Idle_Start.uasset" 303
"../../../RPG/Content/Effects/Particle_Systems/P_Dust_Footstep.uasset" 304
"../../../RPG/Content/Sounds/Character_Att.uasset" 305
"../../../RPG/Content/Sounds/Footsteps_Player_Cue.uasset" 306
"../../../RPG/Content/Animations/Player/Player_Sprint.uasset" 307
"../../../RPG/Content/Animations/Player/Player_Jump_Backward.uasset" 308
"../../../RPG/Content/Animations/Player/Player_Jump_Forward.uasset" 309
"../../../RPG/Content/Animations/Player/Player_Jump_Left.uasset" 310
"../../../RPG/Content/Animations/Player/Player_Jump_Right.uasset" 311
"../../../RPG/Content/Animations/Player/Player_Jump_Up.uasset" 312
"../../../RPG/Content/Animations/Player/BS_Player_Jumping.uasset" 313
"../../../RPG/Content/Animations/Player/Player_Idle_Relaxed.uasset" 314
"../../../RPG/Content/Animations/Player/Player_Run_Backward.uasset" 315
"../../../RPG/Content/Animations/Player/Player_Run_Forward.uasset" 316
"../../../RPG/Content/Animations/Player/Player_Run_Left.uasset" 317
"../../../RPG/Content/Animations/Player/Player_Run_Right.uasset" 318
"../../../RPG/Content/Animations/Player/BS_Player_Running.uasset" 319
"../../../Engine/Content/EditorBlueprintResources/StandardMacros.uasset" 320
"../../../RPG/Content/Animations/Player/Player_AnimBP.uasset" 321
"../../../RPG/Content/Blueprints/Armor/PlayerArmor/Iron/IronArms.uasset" 322
"../../../RPG/Content/Blueprints/Armor/PlayerArmor/Iron/IronBoots.uasset" 323
"../../../RPG/Content/Blueprints/Armor/PlayerArmor/Iron/IronChest.uasset" 324
"../../../RPG/Content/Blueprints/Armor/PlayerArmor/Iron/IronHelm.uasset" 325
"../../../RPG/Content/Blueprints/Armor/PlayerArmor/Iron/IronLegs.uasset" 326
"../../../RPG/Content/Blueprints/DamageTypes/DT_Heal.uasset" 327
"../../../RPG/Content/Blueprints/Interfaces/iDamageable.uasset" 328
"../../../RPG/Content/Animations/Player/Player_Attack_1.uasset" 329
"../../../RPG/Content/Animations/Player/Swing1_End.uasset" 330
"../../../RPG/Content/Sounds/Sword_Swing_Short_Cue.uasset" 331
"../../../RPG/Content/Animations/Player/AM_Attack_1.uasset" 332
"../../../RPG/Content/Animations/Player/Player_Attack_2.uasset" 333
"../../../RPG/Content/Animations/Player/Swing2_End.uasset" 334
"../../../RPG/Content/Animations/Player/AM_Attack_2.uasset" 335
"../../../RPG/Content/Blueprints/DamageTypes/DT_Physical.uasset" 336
"../../../RPG/Content/Sounds/Sword_Stab_Cue.uasset" 337
"../../../RPG/Content/Weapons/Weapons/Blade/Swords/Blade_HeroSword11/T_Blade_HeroSword_011_D.uasset" 338
"../../../RPG/Content/Weapons/Weapons/Blade/Swords/Blade_HeroSword11/T_Blade_HeroSword_011_N.uasset" 339
"../../../RPG/Content/Weapons/Weapons/Blade/Swords/Blade_HeroSword11/T_Blade_HeroSword_012_D.uasset" 340
"../../../RPG/Content/Weapons/Weapons/Blade/Swords/Blade_HeroSword11/M_Blade_HeroSword11.uasset" 341
"../../../RPG/Content/Weapons/Weapons/Blade/Swords/Blade_HeroSword11/SK_Blade_HeroSword_01_Skeleton.uasset" 342
"../../../RPG/Content/Weapons/Weapons/Blade/Swords/Blade_HeroSword11/SK_Blade_HeroSword11.uasset" 343
"../../../RPG/Content/Blueprints/Weapons/IronSword.uasset" 344
"../../../RPG/Content/Data/LevelUpInfo.uasset" 345
"../../../RPG/Content/Blueprints/HUDs/GameOver.uasset" 346
"../../../RPG/Content/Blueprints/HUDs/StatPointsScreen.uasset" 347
"../../../RPG/Content/Blueprints/HUDs/LevelUpScreen.uasset" 348
"../../../RPG/Content/Blueprints/HUDs/PlayerHUD.uasset" 349
"../../../RPG/Content/IBEffects/Effects/FX_Textures/Texture/T_SpottyTile.uasset" 350
"../../../RPG/Content/IBEffects/Effects/FX_Materials/Mobile/M_LevelRing_00.uasset" 351
"../../../Engine/Content/EngineResources/Black.uasset" 352
"../../../RPG/Content/IBEffects/Effects/Masters/M_Add_Sprite_Master_DepthFade.uasset" 353
"../../../RPG/Content/IBEffects/Effects/FX_Textures/Gradient/T_SoftFallOff.uasset" 354
"../../../RPG/Content/IBEffects/Effects/FX_Materials/Gradient/M_Flare_03_INST.uasset" 355
"../../../RPG/Content/IBEffects/Effects/Masters/M_Add_Sprite_Master.uasset" 356
"../../../RPG/Content/IBEffects/Effects/FX_Textures/Gradient/T_starFlare_03.uasset" 357
"../../../RPG/Content/IBEffects/Effects/FX_Materials/Gradient/M_Flare_04_INST.uasset" 358
"../../../RPG/Content/IBEffects/Effects/FX_Textures/Gradient/T_LightCone.uasset" 359
"../../../RPG/Content/IBEffects/Effects/FX_Materials/Gradient/M_Flare_Vertical_02_Inst.uasset" 360
"../../../RPG/Content/IBEffects/Effects/FX_Textures/Gradient/T_GlowNoise_01.uasset" 361
"../../../RPG/Content/IBEffects/Effects/FX_Materials/M_Shockwave_03_Add_INST.uasset" 362
"../../../RPG/Content/IBEffects/Effects/Masters/M_Add_Sprite_SubUV_Master.uasset" 363
"../../../RPG/Content/IBEffects/Effects/FX_Textures/Spark/T_Sparks_04_SubUV_1_4.uasset" 364
"../../../RPG/Content/IBEffects/Effects/FX_Materials/Spark/M_Spark_04_SubUV_1_4_INST.uasset" 365
"../../../RPG/Content/IBEffects/Effects/FX_Meshes/Skills/OLD/SM_SpiralMesh.uasset" 366
"../../../RPG/Content/IBEffects/Effects/FX_Meshes/Skills/SM_LvlRing_Lvl_00.uasset" 367
"../../../RPG/Content/IBEffects/Effects/FX_Mobile/Misc/P_levelUp_OLD.uasset" 368
"../../../RPG/Content/Materials/Character/Player_AO.uasset" 369
"../../../RPG/Content/Materials/Character/T_Player_D.uasset" 370
"../../../RPG/Content/Materials/Character/T_Player_Face_Happy.uasset" 371
"../../../RPG/Content/Materials/Character/T_Player_Face_Hurt.uasset" 372
"../../../RPG/Content/Materials/Character/T_Player_M.uasset" 373
"../../../RPG/Content/Materials/Character/M_Player_Main.uasset" 374
"../../../RPG/Content/Materials/Character/M_Player_Main_Inst.uasset" 375
"../../../RPG/Content/Meshes/Character/S_Player_Character2.uasset" 376
"../../../RPG/Content/Meshes/Character/S_Player_Character2_PhysicsAsset.uasset" 377
"../../../RPG/Content/Meshes/Character/S_Player_Character_High.uasset" 378
"../../../Engine/Content/MapTemplates/TilingNoise05.uasset" 379
"../../../RPG/Content/Materials/Character/M_Player_Cape.uasset" 380
"../../../RPG/Content/Materials/Character/M_Player_Cape_Inst.uasset" 381
"../../../RPG/Content/Meshes/Character/SK_Player_Cape_01_PhysicsAsset.uasset" 382
"../../../RPG/Content/Meshes/Character/SK_Player_Cape_01.uasset" 383
"../../../RPG/Content/Sounds/LevelUpSoundCue.uasset" 384
"../../../RPG/Content/Blueprints/Characters/Player/PlayerPawnBP.uasset" 385
"../../../RPG/Content/Blueprints/GameInfo/GameModeBP.uasset" 386
"../../../RPG/Content/Grasslands/Environments/Misc/Exo_Deco02/Textures/T_HardWood_Floor_D.uasset" 387
"../../../RPG/Content/Grasslands/Environments/Misc/Exo_Deco02/Textures/T_HardWood_Floor_D_NRM.uasset" 388
"../../../RPG/Content/Grasslands/Environments/Misc/Exo_Deco02/Materials/M_HardWood_Floor.uasset" 389
"../../../RPG/Content/Grasslands/Environments/Misc/Exo_Deco02/StaticMesh/SM_Exo_floor_wood_floorboard.uasset" 390
"../../../RPG/Content/Grasslands/Environments/Misc/Exo_Deco02/StaticMesh/SM_Exo_WoodPlanks02.uasset" 391
"../../../RPG/Content/IBEffects/Effects/FX_Meshes/Skills/rock/SM_FireSkill_AOE_Outer.uasset" 392
"../../../RPG/Content/IBEffects/Effects/FX_Meshes/Skills/rock/SM_WallOfRock_00.uasset" 393
"../../../Engine/Content/EditorSounds/GamePreview/EndPlayInEditor.uasset" 394
"../../../Engine/Content/EditorSounds/GamePreview/EndPlayInEditor_Cue.uasset" 395
"../../../Engine/Content/MobileResources/HUD/MobileHUDButtonFire.uasset" 396
"../../../Engine/Content/MobileResources/HUD/MobileHUDDirectionPad2.uasset" 397
"../../../Engine/Content/MobileResources/HUD/MobileHUDDirectionStick.uasset" 398
"../../../Engine/Content/MobileResources/HUD/T_Castle_ThumbstickOutter.uasset" 399
"../../../Engine/Content/EngineSky/C_Sky_Cloud_Color.uasset" 400
"../../../Engine/Content/EngineSky/C_Sky_Horizon_Color.uasset" 401
"../../../Engine/Content/EngineSky/C_Sky_Zenith_Color.uasset" 402
"../../../Engine/Content/EngineSky/T_Sky_Blue.uasset" 403
"../../../Engine/Content/EngineSky/T_Sky_Clouds_M.uasset" 404
"../../../Engine/Content/EngineSky/T_Sky_Stars.uasset" 405
"../../../Engine/Content/EngineSky/M_Sky_Panning_Clouds2.uasset" 406
"../../../Engine/Content/EngineSky/SM_SkySphere.uasset" 407
"../../../Engine/Content/EngineSky/BP_Sky_Sphere.uasset" 408
"../../../RPG/Content/Enemies/Enemy/Enemy_Gruntling_Guardian/Textures/T_Gruntling_Guardian_N.uasset" 409
"../../../RPG/Content/Enemies/Enemy/Enemy_Gruntling_Guardian/Textures/T_Gruntling_Guardian_D.uasset" 410
"../../../RPG/Content/Enemies/Enemy/Enemy_Gruntling_Guardian/Textures/T_Gruntling_Guardian_E.uasset" 411
"../../../RPG/Content/Enemies/Enemy/Enemy_Gruntling_Guardian/Textures/T_Gruntling_Guardian_M.uasset" 412
"../../../RPG/Content/Enemies/Enemy/Enemy_Gruntling_Guardian/Materials/CharM_Gruntling_Guardian.uasset" 413
"../../../RPG/Content/Materials/Environment/T_Burn_Mark.uasset" 414
"../../../RPG/Content/Materials/Environment/T_Burn_Mark_Mat.uasset" 415
"../../../RPG/Content/Grasslands/Environments/Plains/Env_Plains_Floors/Textures/T_Plains_FloorsBeams_D.uasset" 416
"../../../RPG/Content/Grasslands/Environments/Plains/Env_Plains_Floors/Textures/T_Plains_FloorsBeams_N.uasset" 417
"../../../RPG/Content/Grasslands/Environments/Plains/Env_Plains_Floors/Materials/M_PLains_Scrap_Bridge.uasset" 418
"../../../RPG/Content/Grasslands/Environments/Plains/Env_Plains_Floors/StaticMesh/SM_Plains_Scrap_Bridge02.uasset" 419
"../../../RPG/Content/Maps/Acidic_Caves.umap" 420
"../../../RPG/Content/IBEffects/Effects/FX_Textures/Tile/T_Black_32.uasset" 421
"../../../RPG/Content/IBEffects/Effects/Masters/M_Trans_Sprite_Master.uasset" 422
"../../../RPG/Content/IBEffects/Environments/Env_Rocks/Textures/T_JaggedRock_D_02.uasset" 423
"../../../RPG/Content/IBEffects/Effects/FX_Materials/Env/M_Jagged_rock_01_INST.uasset" 424
"../../../RPG/Content/Grasslands/Environments/Misc/Exo_Deco02/StaticMesh/SM_Exo_destroyed_floor_wood.uasset" 425
"../../../RPG/Content/Grasslands/Environments/Plains/Env_Plains_Organic/Textures/T_Plains_Rock01_D.uasset" 426
"../../../RPG/Content/Grasslands/Environments/Plains/Env_Plains_Organic/Textures/T_Plains_Rock01_N.uasset" 427
"../../../RPG/Content/Grasslands/Environments/Plains/Env_Plains_Organic/Materials/M_Plains_LargeRock.uasset" 428
"../../../RPG/Content/Grasslands/Environments/Plains/Env_Plains_Organic/StaticMesh/SM_Plains_LargeRock_Pile01.uasset" 429
"../../../RPG/Content/Grasslands/Environments/Plains/Env_Plains_Organic/StaticMesh/SM_Plains_LargeRock_SpireLOD.uasset" 430
"../../../RPG/Content/Grasslands/Environments/Plains/Env_Plains_Organic/StaticMesh/SM_Plains_LargeRock_SpireLOD2.uasset" 431
"../../../RPG/Content/Grasslands/Environments/Plains/Env_Plains_Organic/Textures/T_Plains_Ground01_D.uasset" 432
"../../../RPG/Content/Grasslands/Environments/Plains/Env_Plains_Organic/Textures/T_Plains_Ground01_N.uasset" 433
"../../../RPG/Content/Grasslands/Environments/Plains/Env_Plains_Organic/Materials/M_Plains_GroundBrick.uasset" 434
"../../../RPG/Content/Grasslands/Environments/Plains/Env_Plains_Organic/StaticMesh/SM_Plains_LargeRock_SpireLOD4.uasset" 435
"../../../RPG/Content/Grasslands/Environments/Plains/Env_Plains_Organic/Textures/T_Plains_Cliff001.uasset" 436
"../../../RPG/Content/Grasslands/Environments/Plains/Env_Plains_Organic/Textures/T_Plains_Cliff01.uasset" 437
"../../../RPG/Content/Grasslands/Environments/Plains/Env_Plains_Organic/Materials/M_Plains_Cliff1.uasset" 438
"../../../RPG/Content/Grasslands/Environments/Plains/Env_Plains_Organic/StaticMesh/SM_Plains_LargeRock_SpireLOD5.uasset" 439
"../../../RPG/Content/Grasslands/Environments/Plains/Env_Plains_Organic/Textures/T_Plains_Rock02_D.uasset" 440
"../../../RPG/Content/Grasslands/Environments/Plains/Env_Plains_Organic/Textures/T_Plains_Rock02_N.uasset" 441
"../../../RPG/Content/Grasslands/Environments/Plains/Env_Plains_Organic/Materials/M_Plains_SmallRock.uasset" 442
"../../../RPG/Content/Grasslands/Environments/Plains/Env_Plains_Organic/StaticMesh/SM_Plains_SmallRock01.uasset" 443
"../../../RPG/Content/Maps/CaveIn.umap" 444
